<?xml version="1.0" encoding="UTF-8"?>
<testsuite name="test_deposit_tests.TestDepositIntoAccountTests-20250423163557" tests="1" file="test_deposit_tests.py" time="0.150" timestamp="2025-04-23T16:35:57" failures="0" errors="0" skipped="0">
	<testcase classname="test_deposit_tests.TestDepositIntoAccountTests" name="test_parametrized_cases" time="0.150" timestamp="2025-04-23T16:35:57"/>
</testsuite>
